<?xml version="1.0" encoding="UTF-8"?>
<!-- Generated by org.testng.reporters.JUnitReportReporter -->
<testsuite hostname="DESKTOP-AG3FN9H" failures="0" tests="5" name="testCases.creditapiSimulatorTests" time="1.424" errors="0" timestamp="2021-12-22T13:03:02 GST" skipped="0">
  <testcase classname="testCases.creditapiSimulatorTests" name="test_getAllRecordedSimulations" time="1.073"/>
  <system-out/>
  <testcase classname="testCases.creditapiSimulatorTests" name="test_addNewRecord" time="0.265"/>
  <system-out/>
  <testcase classname="testCases.creditapiSimulatorTests" name="test_getSimulation" time="0.020"/>
  <system-out/>
  <testcase classname="testCases.creditapiSimulatorTests" name="test_updateSimulation" time="0.042"/>
  <system-out/>
  <testcase classname="testCases.creditapiSimulatorTests" name="test_deleteSimulation" time="0.024"/>
  <system-out/>
</testsuite> <!-- testCases.creditapiSimulatorTests -->
