<?xml version="1.0" encoding="UTF-8"?>
<!-- Generated by org.testng.reporters.JUnitReportReporter -->
<testsuite hostname="DESKTOP-AG3FN9H" failures="0" tests="5" name="testCases.creditapiSimulatorTests" time="1.719" errors="0" timestamp="2021-12-22T15:30:41 GST" skipped="0">
  <testcase classname="testCases.creditapiSimulatorTests" name="test_getAllRecordedSimulations" time="1.337"/>
  <system-out/>
  <testcase classname="testCases.creditapiSimulatorTests" name="test_addNewRecord" time="0.313"/>
  <system-out/>
  <testcase classname="testCases.creditapiSimulatorTests" name="test_getSimulation" time="0.021"/>
  <system-out/>
  <testcase classname="testCases.creditapiSimulatorTests" name="test_updateSimulation" time="0.032"/>
  <system-out/>
  <testcase classname="testCases.creditapiSimulatorTests" name="test_deleteSimulation" time="0.016"/>
  <system-out/>
</testsuite> <!-- testCases.creditapiSimulatorTests -->
